****                   ADMIXTURE Version 1.3.0                  ****
****                    Copyright 2008-2015                     ****
****           David Alexander, Suyash Shringarpure,            ****
****                John  Novembre, Ken Lange                   ****
****                                                            ****
****                 Please cite our paper!                     ****
****   Information at www.genetics.ucla.edu/software/admixture  ****

Cross-validation will be performed.  Folds=5.
Random seed: 43
Point estimation method: Block relaxation algorithm
Convergence acceleration algorithm: QuasiNewton, 3 secant conditions
Point estimation will terminate when objective function delta < 0.0001
Estimation of standard errors disabled; will compute point estimates only.
Size of G: 165x36931
Performing five EM steps to prime main algorithm
1 (EM) 	Elapsed: 0.152	Loglikelihood: -6.17285e+06	(delta): 4.23838e+06
2 (EM) 	Elapsed: 0.154	Loglikelihood: -6.00576e+06	(delta): 167090
3 (EM) 	Elapsed: 0.155	Loglikelihood: -5.95479e+06	(delta): 50971.9
4 (EM) 	Elapsed: 0.154	Loglikelihood: -5.9313e+06	(delta): 23494.3
5 (EM) 	Elapsed: 0.152	Loglikelihood: -5.91984e+06	(delta): 11453.9
Initial loglikelihood: -5.91984e+06
Starting main algorithm
1 (QN/Block) 	Elapsed: 0.417	Loglikelihood: -5.75518e+06	(delta): 164664
2 (QN/Block) 	Elapsed: 0.416	Loglikelihood: -5.70907e+06	(delta): 46113
3 (QN/Block) 	Elapsed: 0.502	Loglikelihood: -5.70225e+06	(delta): 6817.47
4 (QN/Block) 	Elapsed: 0.615	Loglikelihood: -5.69841e+06	(delta): 3837.92
5 (QN/Block) 	Elapsed: 0.546	Loglikelihood: -5.69713e+06	(delta): 1278.03
6 (QN/Block) 	Elapsed: 0.62	Loglikelihood: -5.6968e+06	(delta): 330.126
7 (QN/Block) 	Elapsed: 0.504	Loglikelihood: -5.69679e+06	(delta): 15.7964
8 (QN/Block) 	Elapsed: 0.504	Loglikelihood: -5.69678e+06	(delta): 0.967469
9 (QN/Block) 	Elapsed: 0.502	Loglikelihood: -5.69678e+06	(delta): 0.152192
10 (QN/Block) 	Elapsed: 0.506	Loglikelihood: -5.69678e+06	(delta): 0.00489428
11 (QN/Block) 	Elapsed: 0.499	Loglikelihood: -5.69678e+06	(delta): 0.000151739
12 (QN/Block) 	Elapsed: 0.495	Loglikelihood: -5.69678e+06	(delta): 4.56255e-06
Summary: 
Converged in 12 iterations (7.721 sec)
Loglikelihood: -5696784.564972
Fst divergences between estimated populations: 
	Pop0	
Pop0	
Pop1	0.125	
CV error (K=2): 0.58436
Writing output files.
