****                   ADMIXTURE Version 1.3.0                  ****
****                    Copyright 2008-2015                     ****
****           David Alexander, Suyash Shringarpure,            ****
****                John  Novembre, Ken Lange                   ****
****                                                            ****
****                 Please cite our paper!                     ****
****   Information at www.genetics.ucla.edu/software/admixture  ****

Cross-validation will be performed.  Folds=5.
Random seed: 43
Point estimation method: Block relaxation algorithm
Convergence acceleration algorithm: QuasiNewton, 3 secant conditions
Point estimation will terminate when objective function delta < 0.0001
Estimation of standard errors disabled; will compute point estimates only.
Size of G: 165x36931
Performing five EM steps to prime main algorithm
1 (EM) 	Elapsed: 0.23	Loglikelihood: -6.21842e+06	(delta): 3.58326e+06
2 (EM) 	Elapsed: 0.221	Loglikelihood: -6.04164e+06	(delta): 176781
3 (EM) 	Elapsed: 0.221	Loglikelihood: -5.98062e+06	(delta): 61013.1
4 (EM) 	Elapsed: 0.225	Loglikelihood: -5.94617e+06	(delta): 34449.4
5 (EM) 	Elapsed: 0.224	Loglikelihood: -5.92511e+06	(delta): 21068.7
Initial loglikelihood: -5.92511e+06
Starting main algorithm
1 (QN/Block) 	Elapsed: 0.601	Loglikelihood: -5.74647e+06	(delta): 178639
2 (QN/Block) 	Elapsed: 0.597	Loglikelihood: -5.65368e+06	(delta): 92782.6
3 (QN/Block) 	Elapsed: 0.697	Loglikelihood: -5.63854e+06	(delta): 15146.8
4 (QN/Block) 	Elapsed: 0.687	Loglikelihood: -5.62772e+06	(delta): 10819.2
5 (QN/Block) 	Elapsed: 0.741	Loglikelihood: -5.62271e+06	(delta): 5009.42
6 (QN/Block) 	Elapsed: 0.802	Loglikelihood: -5.62197e+06	(delta): 734.593
7 (QN/Block) 	Elapsed: 0.814	Loglikelihood: -5.62159e+06	(delta): 385.075
8 (QN/Block) 	Elapsed: 0.704	Loglikelihood: -5.62145e+06	(delta): 138.647
9 (QN/Block) 	Elapsed: 0.697	Loglikelihood: -5.62143e+06	(delta): 24.1629
10 (QN/Block) 	Elapsed: 0.72	Loglikelihood: -5.62142e+06	(delta): 4.73621
11 (QN/Block) 	Elapsed: 0.716	Loglikelihood: -5.62142e+06	(delta): 0.959719
12 (QN/Block) 	Elapsed: 0.707	Loglikelihood: -5.62142e+06	(delta): 0.158512
13 (QN/Block) 	Elapsed: 0.707	Loglikelihood: -5.62142e+06	(delta): 0.017815
14 (QN/Block) 	Elapsed: 0.701	Loglikelihood: -5.62142e+06	(delta): 0.00231235
15 (QN/Block) 	Elapsed: 0.709	Loglikelihood: -5.62142e+06	(delta): 4.25084e-05
Summary: 
Converged in 15 iterations (12.781 sec)
Loglikelihood: -5621420.344030
Fst divergences between estimated populations: 
	Pop0	Pop1	
Pop0	
Pop1	0.128	
Pop2	0.112	0.128	
CV error (K=3): 0.58136
Writing output files.
