****                   ADMIXTURE Version 1.3.0                  ****
****                    Copyright 2008-2015                     ****
****           David Alexander, Suyash Shringarpure,            ****
****                John  Novembre, Ken Lange                   ****
****                                                            ****
****                 Please cite our paper!                     ****
****   Information at www.genetics.ucla.edu/software/admixture  ****

Cross-validation will be performed.  Folds=5.
Random seed: 43
Point estimation method: Block relaxation algorithm
Convergence acceleration algorithm: QuasiNewton, 3 secant conditions
Point estimation will terminate when objective function delta < 0.0001
Estimation of standard errors disabled; will compute point estimates only.
Size of G: 165x36931
Performing five EM steps to prime main algorithm
1 (EM) 	Elapsed: 0.302	Loglikelihood: -6.22047e+06	(delta): 3.18438e+06
2 (EM) 	Elapsed: 0.296	Loglikelihood: -6.04877e+06	(delta): 171707
3 (EM) 	Elapsed: 0.3	Loglikelihood: -5.99179e+06	(delta): 56982.4
4 (EM) 	Elapsed: 0.3	Loglikelihood: -5.95648e+06	(delta): 35302.2
5 (EM) 	Elapsed: 0.304	Loglikelihood: -5.93179e+06	(delta): 24691.6
Initial loglikelihood: -5.93179e+06
Starting main algorithm
1 (QN/Block) 	Elapsed: 0.83	Loglikelihood: -5.67704e+06	(delta): 254749
2 (QN/Block) 	Elapsed: 0.848	Loglikelihood: -5.6107e+06	(delta): 66340.8
3 (QN/Block) 	Elapsed: 0.939	Loglikelihood: -5.59142e+06	(delta): 19279.8
4 (QN/Block) 	Elapsed: 1.029	Loglikelihood: -5.58479e+06	(delta): 6627.49
5 (QN/Block) 	Elapsed: 0.981	Loglikelihood: -5.58283e+06	(delta): 1967.15
6 (QN/Block) 	Elapsed: 0.937	Loglikelihood: -5.58181e+06	(delta): 1019.59
7 (QN/Block) 	Elapsed: 0.921	Loglikelihood: -5.58134e+06	(delta): 467.507
8 (QN/Block) 	Elapsed: 0.922	Loglikelihood: -5.58119e+06	(delta): 148.23
9 (QN/Block) 	Elapsed: 0.943	Loglikelihood: -5.5811e+06	(delta): 96.7484
10 (QN/Block) 	Elapsed: 0.937	Loglikelihood: -5.58107e+06	(delta): 29.1774
11 (QN/Block) 	Elapsed: 0.932	Loglikelihood: -5.58105e+06	(delta): 13.0944
12 (QN/Block) 	Elapsed: 0.931	Loglikelihood: -5.58105e+06	(delta): 6.48461
13 (QN/Block) 	Elapsed: 0.923	Loglikelihood: -5.58104e+06	(delta): 3.88122
14 (QN/Block) 	Elapsed: 0.923	Loglikelihood: -5.58104e+06	(delta): 0.522282
15 (QN/Block) 	Elapsed: 0.935	Loglikelihood: -5.58104e+06	(delta): 0.14014
16 (QN/Block) 	Elapsed: 0.937	Loglikelihood: -5.58104e+06	(delta): 0.0421865
17 (QN/Block) 	Elapsed: 0.925	Loglikelihood: -5.58104e+06	(delta): 0.00982666
18 (QN/Block) 	Elapsed: 0.928	Loglikelihood: -5.58104e+06	(delta): 0.00334388
19 (QN/Block) 	Elapsed: 0.921	Loglikelihood: -5.58104e+06	(delta): 0.00184019
20 (QN/Block) 	Elapsed: 0.93	Loglikelihood: -5.58104e+06	(delta): 0.00143307
21 (QN/Block) 	Elapsed: 0.933	Loglikelihood: -5.58104e+06	(delta): 2.5996e-05
Summary: 
Converged in 21 iterations (22.396 sec)
Loglikelihood: -5581041.819162
Fst divergences between estimated populations: 
	Pop0	Pop1	Pop2	
Pop0	
Pop1	0.085	
Pop2	0.140	0.137	
Pop3	0.131	0.138	0.113	
CV error (K=4): 0.58600
Writing output files.
