****                   ADMIXTURE Version 1.3.0                  ****
****                    Copyright 2008-2015                     ****
****           David Alexander, Suyash Shringarpure,            ****
****                John  Novembre, Ken Lange                   ****
****                                                            ****
****                 Please cite our paper!                     ****
****   Information at www.genetics.ucla.edu/software/admixture  ****

Cross-validation will be performed.  Folds=5.
Random seed: 43
Point estimation method: Block relaxation algorithm
Convergence acceleration algorithm: QuasiNewton, 3 secant conditions
Point estimation will terminate when objective function delta < 0.0001
Estimation of standard errors disabled; will compute point estimates only.
Size of G: 165x36931
Performing five EM steps to prime main algorithm
1 (EM) 	Elapsed: 0.384	Loglikelihood: -6.20653e+06	(delta): 2.96384e+06
2 (EM) 	Elapsed: 0.38	Loglikelihood: -6.03988e+06	(delta): 166658
3 (EM) 	Elapsed: 0.383	Loglikelihood: -5.98815e+06	(delta): 51724.5
4 (EM) 	Elapsed: 0.381	Loglikelihood: -5.95489e+06	(delta): 33259.5
5 (EM) 	Elapsed: 0.384	Loglikelihood: -5.9299e+06	(delta): 24991.1
Initial loglikelihood: -5.9299e+06
Starting main algorithm
1 (QN/Block) 	Elapsed: 1.092	Loglikelihood: -5.64809e+06	(delta): 281807
2 (QN/Block) 	Elapsed: 1.073	Loglikelihood: -5.58774e+06	(delta): 60354
3 (QN/Block) 	Elapsed: 1.243	Loglikelihood: -5.56914e+06	(delta): 18595.5
4 (QN/Block) 	Elapsed: 1.338	Loglikelihood: -5.56094e+06	(delta): 8201.78
5 (QN/Block) 	Elapsed: 1.184	Loglikelihood: -5.55671e+06	(delta): 4232.51
6 (QN/Block) 	Elapsed: 1.198	Loglikelihood: -5.55366e+06	(delta): 3045.91
7 (QN/Block) 	Elapsed: 1.234	Loglikelihood: -5.55113e+06	(delta): 2538.32
8 (QN/Block) 	Elapsed: 1.191	Loglikelihood: -5.54803e+06	(delta): 3097.97
9 (QN/Block) 	Elapsed: 1.251	Loglikelihood: -5.5447e+06	(delta): 3332.11
10 (QN/Block) 	Elapsed: 1.284	Loglikelihood: -5.54169e+06	(delta): 3004.85
11 (QN/Block) 	Elapsed: 1.373	Loglikelihood: -5.53956e+06	(delta): 2130.78
12 (QN/Block) 	Elapsed: 1.193	Loglikelihood: -5.53742e+06	(delta): 2144.99
13 (QN/Block) 	Elapsed: 1.254	Loglikelihood: -5.53559e+06	(delta): 1824.78
14 (QN/Block) 	Elapsed: 1.208	Loglikelihood: -5.5343e+06	(delta): 1287.32
15 (QN/Block) 	Elapsed: 1.194	Loglikelihood: -5.53364e+06	(delta): 662.833
16 (QN/Block) 	Elapsed: 1.203	Loglikelihood: -5.53348e+06	(delta): 160.062
17 (QN/Block) 	Elapsed: 1.255	Loglikelihood: -5.53343e+06	(delta): 48.2379
18 (QN/Block) 	Elapsed: 1.213	Loglikelihood: -5.53341e+06	(delta): 22.4731
19 (QN/Block) 	Elapsed: 1.206	Loglikelihood: -5.5334e+06	(delta): 5.66364
20 (QN/Block) 	Elapsed: 1.197	Loglikelihood: -5.5334e+06	(delta): 1.19601
21 (QN/Block) 	Elapsed: 1.186	Loglikelihood: -5.5334e+06	(delta): 0.306119
22 (QN/Block) 	Elapsed: 1.185	Loglikelihood: -5.5334e+06	(delta): 0.153626
23 (QN/Block) 	Elapsed: 1.212	Loglikelihood: -5.5334e+06	(delta): 0.0944422
24 (QN/Block) 	Elapsed: 1.211	Loglikelihood: -5.5334e+06	(delta): 0.00659866
25 (QN/Block) 	Elapsed: 1.207	Loglikelihood: -5.5334e+06	(delta): 0.00145922
26 (QN/Block) 	Elapsed: 1.188	Loglikelihood: -5.5334e+06	(delta): 0.000231114
27 (QN/Block) 	Elapsed: 1.189	Loglikelihood: -5.5334e+06	(delta): 6.28829e-06
Summary: 
Converged in 27 iterations (36.439 sec)
Loglikelihood: -5533401.923057
Fst divergences between estimated populations: 
	Pop0	Pop1	Pop2	Pop3	
Pop0	
Pop1	0.115	
Pop2	0.132	0.142	
Pop3	0.184	0.230	0.250	
Pop4	0.138	0.138	0.085	0.252	
CV error (K=5): 0.61543
Writing output files.
