PLINK v1.90b7.2 64-bit (11 Dec 2023)
Options in effect:
  --file ../data/maicesArtegaetal2015
  --make-bed
  --out ../data/maicesArtegaetal2015

Hostname: RAMM
Working directory: /home/ramm/Curso/BioinfinvRepro/Unidad5/Prac_Uni5/maices/bin
Start time: Mon Jan  8 23:18:26 2024

Random number seed: 1704777506
7781 MB RAM detected; reserving 3890 MB for main workspace.
Scanning .ped file... done.
Performing single-pass .bed write (36931 variants, 165 people).
--file: ../data/maicesArtegaetal2015-temporary.bed +
../data/maicesArtegaetal2015-temporary.bim +
../data/maicesArtegaetal2015-temporary.fam written.
36931 variants loaded from .bim file.
165 people (0 males, 0 females, 165 ambiguous) loaded from .fam.
Ambiguous sex IDs written to ../data/maicesArtegaetal2015.nosex .
Using 1 thread (no multithreaded calculations invoked).
Before main variant filters, 165 founders and 0 nonfounders present.
Calculating allele frequencies... done.
Total genotyping rate is 0.990151.
36931 variants and 165 people pass filters and QC.
Note: No phenotypes present.
--make-bed to ../data/maicesArtegaetal2015.bed +
../data/maicesArtegaetal2015.bim + ../data/maicesArtegaetal2015.fam ... done.

End time: Mon Jan  8 23:18:27 2024
